<?xml version="1.0" encoding="UTF-8"?>
<testsuite xmlns:xsi="http://www.w3.org/2001/XMLSchema-instance" xsi:schemaLocation="https://maven.apache.org/surefire/maven-surefire-plugin/xsd/surefire-test-report.xsd" name="CommandsTest" time="0.92" tests="5" errors="0" skipped="0" failures="0">
  <properties>
[...]
</properties>
  <testcase name="translationTest" classname="CommandsTest" time="0.079"/>
  <testcase name="helpTest" classname="CommandsTest" time="0"/>
  <testcase name="pingTest" classname="CommandsTest" time="0"/>
  <testcase name="unexpectedCommandTest" classname="CommandsTest" time="0"/>
  <testcase name="generalTest" classname="CommandsTest" time="0.829"/>
</testsuite>